[INFO] Scanning for projects...
[INFO] 
[INFO] -----------------< com.secondlife:second-life-backend >-----------------
[INFO] Building second-life-backend 0.0.1-SNAPSHOT
[INFO]   from pom.xml
[INFO] --------------------------------[ jar ]---------------------------------
[INFO] 
[INFO] >>> spring-boot:3.3.5:run (default-cli) > test-compile @ second-life-backend >>>
[INFO] 
[INFO] --- resources:3.3.1:resources (default-resources) @ second-life-backend ---
[INFO] Copying 1 resource from src/main/resources to target/classes
[INFO] Copying 0 resource from src/main/resources to target/classes
[INFO] 
[INFO] --- compiler:3.13.0:compile (default-compile) @ second-life-backend ---
[INFO] Nothing to compile - all classes are up to date.
[INFO] 
[INFO] --- resources:3.3.1:testResources (default-testResources) @ second-life-backend ---
[INFO] skip non existing resourceDirectory /Users/macbook/Documents/Second-Life/backend/src/test/resources
[INFO] 
[INFO] --- compiler:3.13.0:testCompile (default-testCompile) @ second-life-backend ---
[INFO] Recompiling the module because of changed source code.
[INFO] Compiling 1 source file with javac [debug parameters release 17] to target/test-classes
[INFO] Annotation processing is enabled because one or more processors were found
  on the class path. A future release of javac may disable annotation processing
  unless at least one processor is specified by name (-processor), or a search
  path is specified (--processor-path, --processor-module-path), or annotation
  processing is enabled explicitly (-proc:only, -proc:full).
  Use -Xlint:-options to suppress this message.
  Use -proc:none to disable annotation processing.
[INFO] 
[INFO] <<< spring-boot:3.3.5:run (default-cli) < test-compile @ second-life-backend <<<
[INFO] 
[INFO] 
[INFO] --- spring-boot:3.3.5:run (default-cli) @ second-life-backend ---
[INFO] Attaching agents: []

  .   ____          _            __ _ _
 /\\ / ___'_ __ _ _(_)_ __  __ _ \ \ \ \
( ( )\___ | '_ | '_| | '_ \/ _` | \ \ \ \
 \\/  ___)| |_)| | | | | || (_| |  ) ) ) )
  '  |____| .__|_| |_|_| |_\__, | / / / /
 =========|_|==============|___/=/_/_/_/

 :: Spring Boot ::                (v3.3.5)

2026-04-19T19:25:26.509+07:00  INFO 99189 --- [second-life-backend] [           main] c.secondlife.backend.BackendApplication  : Starting BackendApplication using Java 22.0.2 with PID 99189 (/Users/macbook/Documents/Second-Life/backend/target/classes started by macbook in /Users/macbook/Documents/Second-Life/backend)
2026-04-19T19:25:26.510+07:00  INFO 99189 --- [second-life-backend] [           main] c.secondlife.backend.BackendApplication  : No active profile set, falling back to 1 default profile: "default"
2026-04-19T19:25:26.800+07:00  INFO 99189 --- [second-life-backend] [           main] .s.d.r.c.RepositoryConfigurationDelegate : Bootstrapping Spring Data JPA repositories in DEFAULT mode.
2026-04-19T19:25:26.829+07:00  INFO 99189 --- [second-life-backend] [           main] .s.d.r.c.RepositoryConfigurationDelegate : Finished Spring Data repository scanning in 25 ms. Found 4 JPA repository interfaces.
2026-04-19T19:25:27.208+07:00  INFO 99189 --- [second-life-backend] [           main] o.s.b.w.embedded.tomcat.TomcatWebServer  : Tomcat initialized with port 8080 (http)
2026-04-19T19:25:27.217+07:00  INFO 99189 --- [second-life-backend] [           main] o.apache.catalina.core.StandardService   : Starting service [Tomcat]
2026-04-19T19:25:27.217+07:00  INFO 99189 --- [second-life-backend] [           main] o.apache.catalina.core.StandardEngine    : Starting Servlet engine: [Apache Tomcat/10.1.31]
2026-04-19T19:25:27.244+07:00  INFO 99189 --- [second-life-backend] [           main] o.a.c.c.C.[Tomcat].[localhost].[/]       : Initializing Spring embedded WebApplicationContext
2026-04-19T19:25:27.244+07:00  INFO 99189 --- [second-life-backend] [           main] w.s.c.ServletWebServerApplicationContext : Root WebApplicationContext: initialization completed in 717 ms
2026-04-19T19:25:27.311+07:00  INFO 99189 --- [second-life-backend] [           main] o.hibernate.jpa.internal.util.LogHelper  : HHH000204: Processing PersistenceUnitInfo [name: default]
2026-04-19T19:25:27.352+07:00  INFO 99189 --- [second-life-backend] [           main] org.hibernate.Version                    : HHH000412: Hibernate ORM core version 6.5.3.Final
2026-04-19T19:25:27.370+07:00  INFO 99189 --- [second-life-backend] [           main] o.h.c.internal.RegionFactoryInitiator    : HHH000026: Second-level cache disabled
2026-04-19T19:25:27.505+07:00  INFO 99189 --- [second-life-backend] [           main] o.s.o.j.p.SpringPersistenceUnitInfo      : No LoadTimeWeaver setup: ignoring JPA class transformer
2026-04-19T19:25:27.517+07:00  INFO 99189 --- [second-life-backend] [           main] com.zaxxer.hikari.HikariDataSource       : HikariPool-1 - Starting...
2026-04-19T19:25:28.990+07:00  INFO 99189 --- [second-life-backend] [           main] com.zaxxer.hikari.pool.HikariPool        : HikariPool-1 - Added connection com.mysql.cj.jdbc.ConnectionImpl@35ceec81
2026-04-19T19:25:28.992+07:00  INFO 99189 --- [second-life-backend] [           main] com.zaxxer.hikari.HikariDataSource       : HikariPool-1 - Start completed.
2026-04-19T19:25:29.816+07:00  INFO 99189 --- [second-life-backend] [           main] o.h.e.t.j.p.i.JtaPlatformInitiator       : HHH000489: No JTA platform available (set 'hibernate.transaction.jta.platform' to enable JTA platform integration)
2026-04-19T19:25:37.299+07:00  INFO 99189 --- [second-life-backend] [           main] j.LocalContainerEntityManagerFactoryBean : Initialized JPA EntityManagerFactory for persistence unit 'default'
2026-04-19T19:25:37.468+07:00  INFO 99189 --- [second-life-backend] [           main] o.s.d.j.r.query.QueryEnhancerFactory     : Hibernate is in classpath; If applicable, HQL parser will be used.
2026-04-19T19:25:37.846+07:00  WARN 99189 --- [second-life-backend] [           main] .s.s.UserDetailsServiceAutoConfiguration : 

Using generated security password: fc0a205f-4edf-4aec-aa20-9b3933657728

This generated password is for development use only. Your security configuration must be updated before running your application in production.

2026-04-19T19:25:37.850+07:00  INFO 99189 --- [second-life-backend] [           main] r$InitializeUserDetailsManagerConfigurer : Global AuthenticationManager configured with UserDetailsService bean with name inMemoryUserDetailsManager
2026-04-19T19:25:38.155+07:00  INFO 99189 --- [second-life-backend] [           main] o.s.b.w.embedded.tomcat.TomcatWebServer  : Tomcat started on port 8080 (http) with context path '/'
2026-04-19T19:25:38.161+07:00  INFO 99189 --- [second-life-backend] [           main] c.secondlife.backend.BackendApplication  : Started BackendApplication in 11.849 seconds (process running for 11.99)
2026-04-19T19:26:19.764+07:00  INFO 99189 --- [second-life-backend] [nio-8080-exec-2] o.a.c.c.C.[Tomcat].[localhost].[/]       : Initializing Spring DispatcherServlet 'dispatcherServlet'
2026-04-19T19:26:19.764+07:00  INFO 99189 --- [second-life-backend] [nio-8080-exec-2] o.s.web.servlet.DispatcherServlet        : Initializing Servlet 'dispatcherServlet'
2026-04-19T19:26:19.788+07:00  INFO 99189 --- [second-life-backend] [nio-8080-exec-2] o.s.web.servlet.DispatcherServlet        : Completed initialization in 24 ms
[INFO] ------------------------------------------------------------------------
[INFO] BUILD FAILURE
[INFO] ------------------------------------------------------------------------
[INFO] Total time:  02:05 min
[INFO] Finished at: 2026-04-19T19:27:29+07:00
[INFO] ------------------------------------------------------------------------
[ERROR] Failed to execute goal org.springframework.boot:spring-boot-maven-plugin:3.3.5:run (default-cli) on project second-life-backend: Process terminated with exit code: 137 -> [Help 1]
[ERROR] 
[ERROR] To see the full stack trace of the errors, re-run Maven with the -e switch.
[ERROR] Re-run Maven using the -X switch to enable full debug logging.
[ERROR] 
[ERROR] For more information about the errors and possible solutions, please read the following articles:
[ERROR] [Help 1] http://cwiki.apache.org/confluence/display/MAVEN/MojoExecutionException
